{"C:\\Users\\Samu\\Desktop\\Syncro\\src\\aplicacion\\casosUso\\consultor\\ActualizarConsultor.ts": {"path":"C:\\Users\\Samu\\Desktop\\Syncro\\src\\aplicacion\\casosUso\\consultor\\ActualizarConsultor.ts","statementMap":{"0":{"start":{"line":5,"column":22},"end":{"line":5,"column":49}},"1":{"start":{"line":9,"column":4},"end":{"line":11,"column":5}},"2":{"start":{"line":10,"column":6},"end":{"line":10,"column":56}},"3":{"start":{"line":13,"column":4},"end":{"line":15,"column":5}},"4":{"start":{"line":14,"column":6},"end":{"line":14,"column":46}},"5":{"start":{"line":17,"column":4},"end":{"line":17,"column":58}},"6":{"start":{"line":21,"column":18},"end":{"line":21,"column":46}},"7":{"start":{"line":22,"column":4},"end":{"line":22,"column":29}},"8":{"start":{"line":4,"column":0},"end":{"line":4,"column":13}}},"fnMap":{"0":{"name":"(anonymous_0)","decl":{"start":{"line":5,"column":2},"end":{"line":5,"column":22}},"loc":{"start":{"line":5,"column":49},"end":{"line":5,"column":53}}},"1":{"name":"(anonymous_1)","decl":{"start":{"line":7,"column":2},"end":{"line":7,"column":7}},"loc":{"start":{"line":7,"column":64},"end":{"line":18,"column":3}}},"2":{"name":"(anonymous_2)","decl":{"start":{"line":20,"column":10},"end":{"line":20,"column":22}},"loc":{"start":{"line":20,"column":36},"end":{"line":23,"column":3}}}},"branchMap":{"0":{"loc":{"start":{"line":9,"column":4},"end":{"line":11,"column":5}},"type":"if","locations":[{"start":{"line":9,"column":4},"end":{"line":11,"column":5}},{"start":{},"end":{}}]},"1":{"loc":{"start":{"line":9,"column":8},"end":{"line":9,"column":64}},"type":"binary-expr","locations":[{"start":{"line":9,"column":8},"end":{"line":9,"column":34}},{"start":{"line":9,"column":38},"end":{"line":9,"column":64}}]},"2":{"loc":{"start":{"line":13,"column":4},"end":{"line":15,"column":5}},"type":"if","locations":[{"start":{"line":13,"column":4},"end":{"line":15,"column":5}},{"start":{},"end":{}}]},"3":{"loc":{"start":{"line":13,"column":8},"end":{"line":13,"column":86}},"type":"binary-expr","locations":[{"start":{"line":13,"column":8},"end":{"line":13,"column":42}},{"start":{"line":13,"column":46},"end":{"line":13,"column":86}}]}},"s":{"0":2,"1":2,"2":0,"3":2,"4":0,"5":2,"6":0,"7":0,"8":1},"f":{"0":2,"1":2,"2":0},"b":{"0":[0,2],"1":[2,2],"2":[0,2],"3":[2,0]}}
,"C:\\Users\\Samu\\Desktop\\Syncro\\src\\aplicacion\\casosUso\\consultor\\CrearConsultor.ts": {"path":"C:\\Users\\Samu\\Desktop\\Syncro\\src\\aplicacion\\casosUso\\consultor\\CrearConsultor.ts","statementMap":{"0":{"start":{"line":5,"column":22},"end":{"line":5,"column":49}},"1":{"start":{"line":8,"column":4},"end":{"line":10,"column":5}},"2":{"start":{"line":9,"column":6},"end":{"line":9,"column":50}},"3":{"start":{"line":12,"column":4},"end":{"line":14,"column":5}},"4":{"start":{"line":13,"column":6},"end":{"line":13,"column":46}},"5":{"start":{"line":16,"column":4},"end":{"line":18,"column":5}},"6":{"start":{"line":17,"column":6},"end":{"line":17,"column":56}},"7":{"start":{"line":20,"column":19},"end":{"line":20,"column":72}},"8":{"start":{"line":21,"column":4},"end":{"line":23,"column":5}},"9":{"start":{"line":22,"column":6},"end":{"line":22,"column":53}},"10":{"start":{"line":25,"column":39},"end":{"line":28,"column":6}},"11":{"start":{"line":30,"column":4},"end":{"line":30,"column":49}},"12":{"start":{"line":34,"column":18},"end":{"line":34,"column":46}},"13":{"start":{"line":35,"column":4},"end":{"line":35,"column":29}},"14":{"start":{"line":4,"column":0},"end":{"line":4,"column":13}}},"fnMap":{"0":{"name":"(anonymous_0)","decl":{"start":{"line":5,"column":2},"end":{"line":5,"column":22}},"loc":{"start":{"line":5,"column":49},"end":{"line":5,"column":53}}},"1":{"name":"(anonymous_1)","decl":{"start":{"line":7,"column":2},"end":{"line":7,"column":7}},"loc":{"start":{"line":7,"column":59},"end":{"line":31,"column":3}}},"2":{"name":"(anonymous_2)","decl":{"start":{"line":33,"column":10},"end":{"line":33,"column":22}},"loc":{"start":{"line":33,"column":36},"end":{"line":36,"column":3}}}},"branchMap":{"0":{"loc":{"start":{"line":8,"column":4},"end":{"line":10,"column":5}},"type":"if","locations":[{"start":{"line":8,"column":4},"end":{"line":10,"column":5}},{"start":{},"end":{}}]},"1":{"loc":{"start":{"line":8,"column":8},"end":{"line":8,"column":59}},"type":"binary-expr","locations":[{"start":{"line":8,"column":8},"end":{"line":8,"column":25}},{"start":{"line":8,"column":29},"end":{"line":8,"column":59}}]},"2":{"loc":{"start":{"line":12,"column":4},"end":{"line":14,"column":5}},"type":"if","locations":[{"start":{"line":12,"column":4},"end":{"line":14,"column":5}},{"start":{},"end":{}}]},"3":{"loc":{"start":{"line":12,"column":8},"end":{"line":12,"column":81}},"type":"binary-expr","locations":[{"start":{"line":12,"column":8},"end":{"line":12,"column":33}},{"start":{"line":12,"column":37},"end":{"line":12,"column":81}}]},"4":{"loc":{"start":{"line":16,"column":4},"end":{"line":18,"column":5}},"type":"if","locations":[{"start":{"line":16,"column":4},"end":{"line":18,"column":5}},{"start":{},"end":{}}]},"5":{"loc":{"start":{"line":16,"column":8},"end":{"line":16,"column":71}},"type":"binary-expr","locations":[{"start":{"line":16,"column":8},"end":{"line":16,"column":31}},{"start":{"line":16,"column":35},"end":{"line":16,"column":71}}]},"6":{"loc":{"start":{"line":21,"column":4},"end":{"line":23,"column":5}},"type":"if","locations":[{"start":{"line":21,"column":4},"end":{"line":23,"column":5}},{"start":{},"end":{}}]}},"s":{"0":12,"1":12,"2":2,"3":10,"4":1,"5":9,"6":1,"7":8,"8":8,"9":2,"10":6,"11":6,"12":10,"13":10,"14":2},"f":{"0":12,"1":12,"2":10},"b":{"0":[2,10],"1":[12,10],"2":[1,9],"3":[10,10],"4":[1,8],"5":[9,8],"6":[2,6]}}
,"C:\\Users\\Samu\\Desktop\\Syncro\\src\\aplicacion\\casosUso\\consultor\\EliminarConsultor.ts": {"path":"C:\\Users\\Samu\\Desktop\\Syncro\\src\\aplicacion\\casosUso\\consultor\\EliminarConsultor.ts","statementMap":{"0":{"start":{"line":4,"column":22},"end":{"line":4,"column":49}},"1":{"start":{"line":7,"column":4},"end":{"line":7,"column":49}},"2":{"start":{"line":3,"column":0},"end":{"line":3,"column":13}}},"fnMap":{"0":{"name":"(anonymous_0)","decl":{"start":{"line":4,"column":2},"end":{"line":4,"column":22}},"loc":{"start":{"line":4,"column":49},"end":{"line":4,"column":53}}},"1":{"name":"(anonymous_1)","decl":{"start":{"line":6,"column":2},"end":{"line":6,"column":7}},"loc":{"start":{"line":6,"column":36},"end":{"line":8,"column":3}}}},"branchMap":{},"s":{"0":2,"1":2,"2":1},"f":{"0":2,"1":2},"b":{}}
,"C:\\Users\\Samu\\Desktop\\Syncro\\src\\aplicacion\\casosUso\\consultor\\ListarConsultor.ts": {"path":"C:\\Users\\Samu\\Desktop\\Syncro\\src\\aplicacion\\casosUso\\consultor\\ListarConsultor.ts","statementMap":{"0":{"start":{"line":5,"column":22},"end":{"line":5,"column":49}},"1":{"start":{"line":8,"column":4},"end":{"line":8,"column":36}},"2":{"start":{"line":4,"column":0},"end":{"line":4,"column":13}}},"fnMap":{"0":{"name":"(anonymous_0)","decl":{"start":{"line":5,"column":2},"end":{"line":5,"column":22}},"loc":{"start":{"line":5,"column":49},"end":{"line":5,"column":53}}},"1":{"name":"(anonymous_1)","decl":{"start":{"line":7,"column":2},"end":{"line":7,"column":7}},"loc":{"start":{"line":7,"column":16},"end":{"line":9,"column":3}}}},"branchMap":{},"s":{"0":1,"1":1,"2":1},"f":{"0":1,"1":1},"b":{}}
,"C:\\Users\\Samu\\Desktop\\Syncro\\src\\aplicacion\\casosUso\\consultor\\ObtenerConsultorPorId.ts": {"path":"C:\\Users\\Samu\\Desktop\\Syncro\\src\\aplicacion\\casosUso\\consultor\\ObtenerConsultorPorId.ts","statementMap":{"0":{"start":{"line":5,"column":22},"end":{"line":5,"column":49}},"1":{"start":{"line":8,"column":4},"end":{"line":8,"column":53}},"2":{"start":{"line":4,"column":0},"end":{"line":4,"column":13}}},"fnMap":{"0":{"name":"(anonymous_0)","decl":{"start":{"line":5,"column":2},"end":{"line":5,"column":22}},"loc":{"start":{"line":5,"column":49},"end":{"line":5,"column":53}}},"1":{"name":"(anonymous_1)","decl":{"start":{"line":7,"column":2},"end":{"line":7,"column":7}},"loc":{"start":{"line":7,"column":36},"end":{"line":9,"column":3}}}},"branchMap":{},"s":{"0":3,"1":3,"2":1},"f":{"0":3,"1":3},"b":{}}
,"C:\\Users\\Samu\\Desktop\\Syncro\\src\\aplicacion\\errors\\NotFoundError.ts": {"path":"C:\\Users\\Samu\\Desktop\\Syncro\\src\\aplicacion\\errors\\NotFoundError.ts","statementMap":{"0":{"start":{"line":1,"column":0},"end":{"line":1,"column":53}},"1":{"start":{"line":7,"column":4},"end":{"line":7,"column":19}},"2":{"start":{"line":4,"column":18},"end":{"line":4,"column":68}},"3":{"start":{"line":8,"column":4},"end":{"line":8,"column":32}},"4":{"start":{"line":3,"column":0},"end":{"line":3,"column":13}}},"fnMap":{"0":{"name":"(anonymous_0)","decl":{"start":{"line":6,"column":2},"end":{"line":6,"column":14}},"loc":{"start":{"line":6,"column":29},"end":{"line":9,"column":3}}}},"branchMap":{},"s":{"0":0,"1":0,"2":0,"3":0,"4":0},"f":{"0":0},"b":{}}
,"C:\\Users\\Samu\\Desktop\\Syncro\\src\\common\\statusCode.ts": {"path":"C:\\Users\\Samu\\Desktop\\Syncro\\src\\common\\statusCode.ts","statementMap":{"0":{"start":{"line":1,"column":0},"end":{"line":1,"column":null}},"1":{"start":{"line":2,"column":2},"end":{"line":2,"column":null}},"2":{"start":{"line":3,"column":2},"end":{"line":3,"column":null}},"3":{"start":{"line":4,"column":2},"end":{"line":4,"column":null}},"4":{"start":{"line":5,"column":2},"end":{"line":5,"column":null}},"5":{"start":{"line":6,"column":2},"end":{"line":6,"column":null}},"6":{"start":{"line":7,"column":2},"end":{"line":7,"column":null}},"7":{"start":{"line":8,"column":2},"end":{"line":8,"column":null}},"8":{"start":{"line":9,"column":2},"end":{"line":9,"column":null}}},"fnMap":{"0":{"name":"(anonymous_0)","decl":{"start":{"line":1,"column":0},"end":{"line":1,"column":12}},"loc":{"start":{"line":1,"column":22},"end":{"line":10,"column":1}}}},"branchMap":{"0":{"loc":{"start":{"line":1,"column":12},"end":{"line":1,"column":null}},"type":"binary-expr","locations":[{"start":{"line":1,"column":12},"end":{"line":1,"column":22}},{"start":{"line":1,"column":22},"end":{"line":1,"column":null}}]}},"s":{"0":0,"1":0,"2":0,"3":0,"4":0,"5":0,"6":0,"7":0,"8":0},"f":{"0":0},"b":{"0":[0,0]}}
,"C:\\Users\\Samu\\Desktop\\Syncro\\src\\configuracion\\conexionBD.ts": {"path":"C:\\Users\\Samu\\Desktop\\Syncro\\src\\configuracion\\conexionBD.ts","statementMap":{"0":{"start":{"line":2,"column":0},"end":{"line":2,"column":35}},"1":{"start":{"line":4,"column":36},"end":{"line":10,"column":1}},"2":{"start":{"line":5,"column":27},"end":{"line":5,"column":155}},"3":{"start":{"line":6,"column":2},"end":{"line":8,"column":5}},"4":{"start":{"line":9,"column":2},"end":{"line":9,"column":77}},"5":{"start":{"line":4,"column":13},"end":{"line":4,"column":36}}},"fnMap":{"0":{"name":"(anonymous_1)","decl":{"start":{"line":4,"column":36},"end":{"line":4,"column":37}},"loc":{"start":{"line":4,"column":66},"end":{"line":10,"column":1}}}},"branchMap":{},"s":{"0":0,"1":0,"2":0,"3":0,"4":0,"5":0},"f":{"0":0},"b":{}}
,"C:\\Users\\Samu\\Desktop\\Syncro\\src\\infraestructura\\consultor-db.ts": {"path":"C:\\Users\\Samu\\Desktop\\Syncro\\src\\infraestructura\\consultor-db.ts","statementMap":{"0":{"start":{"line":1,"column":0},"end":{"line":1,"column":21}},"1":{"start":{"line":2,"column":17},"end":{"line":2,"column":20}},"2":{"start":{"line":4,"column":13},"end":{"line":10,"column":3}}},"fnMap":{},"branchMap":{"0":{"loc":{"start":{"line":9,"column":8},"end":{"line":9,"column":43}},"type":"binary-expr","locations":[{"start":{"line":9,"column":8},"end":{"line":9,"column":35}},{"start":{"line":9,"column":39},"end":{"line":9,"column":43}}]}},"s":{"0":0,"1":0,"2":0},"f":{},"b":{"0":[0,0]}}
,"C:\\Users\\Samu\\Desktop\\Syncro\\src\\infraestructura\\repositorios\\repositorioConsultorPostgres.ts": {"path":"C:\\Users\\Samu\\Desktop\\Syncro\\src\\infraestructura\\repositorios\\repositorioConsultorPostgres.ts","statementMap":{"0":{"start":{"line":5,"column":22},"end":{"line":5,"column":32}},"1":{"start":{"line":8,"column":4},"end":{"line":14,"column":6}},"2":{"start":{"line":18,"column":18},"end":{"line":22,"column":6}},"3":{"start":{"line":24,"column":20},"end":{"line":29,"column":6}},"4":{"start":{"line":31,"column":22},"end":{"line":31,"column":59}},"5":{"start":{"line":32,"column":4},"end":{"line":32,"column":49}},"6":{"start":{"line":36,"column":18},"end":{"line":36,"column":67}},"7":{"start":{"line":37,"column":22},"end":{"line":37,"column":50}},"8":{"start":{"line":38,"column":4},"end":{"line":38,"column":62}},"9":{"start":{"line":38,"column":37},"end":{"line":38,"column":60}},"10":{"start":{"line":42,"column":18},"end":{"line":42,"column":69}},"11":{"start":{"line":43,"column":22},"end":{"line":43,"column":56}},"12":{"start":{"line":45,"column":4},"end":{"line":47,"column":5}},"13":{"start":{"line":46,"column":6},"end":{"line":46,"column":18}},"14":{"start":{"line":49,"column":4},"end":{"line":49,"column":49}},"15":{"start":{"line":53,"column":18},"end":{"line":53,"column":67}},"16":{"start":{"line":54,"column":22},"end":{"line":54,"column":50}},"17":{"start":{"line":55,"column":4},"end":{"line":55,"column":62}},"18":{"start":{"line":55,"column":37},"end":{"line":55,"column":60}},"19":{"start":{"line":59,"column":29},"end":{"line":59,"column":31}},"20":{"start":{"line":60,"column":27},"end":{"line":60,"column":29}},"21":{"start":{"line":61,"column":19},"end":{"line":61,"column":20}},"22":{"start":{"line":63,"column":4},"end":{"line":66,"column":5}},"23":{"start":{"line":64,"column":6},"end":{"line":64,"column":45}},"24":{"start":{"line":65,"column":6},"end":{"line":65,"column":33}},"25":{"start":{"line":67,"column":4},"end":{"line":70,"column":5}},"26":{"start":{"line":68,"column":6},"end":{"line":68,"column":54}},"27":{"start":{"line":69,"column":6},"end":{"line":69,"column":41}},"28":{"start":{"line":71,"column":4},"end":{"line":74,"column":5}},"29":{"start":{"line":72,"column":6},"end":{"line":72,"column":47}},"30":{"start":{"line":73,"column":6},"end":{"line":73,"column":35}},"31":{"start":{"line":75,"column":4},"end":{"line":78,"column":5}},"32":{"start":{"line":76,"column":6},"end":{"line":76,"column":51}},"33":{"start":{"line":77,"column":6},"end":{"line":77,"column":39}},"34":{"start":{"line":80,"column":4},"end":{"line":82,"column":5}},"35":{"start":{"line":81,"column":6},"end":{"line":81,"column":35}},"36":{"start":{"line":84,"column":4},"end":{"line":84,"column":21}},"37":{"start":{"line":85,"column":18},"end":{"line":90,"column":6}},"38":{"start":{"line":92,"column":22},"end":{"line":92,"column":59}},"39":{"start":{"line":94,"column":4},"end":{"line":96,"column":5}},"40":{"start":{"line":95,"column":6},"end":{"line":95,"column":18}},"41":{"start":{"line":98,"column":4},"end":{"line":98,"column":49}},"42":{"start":{"line":102,"column":18},"end":{"line":102,"column":67}},"43":{"start":{"line":103,"column":22},"end":{"line":103,"column":56}},"44":{"start":{"line":104,"column":4},"end":{"line":104,"column":65}},"45":{"start":{"line":108,"column":18},"end":{"line":108,"column":87}},"46":{"start":{"line":109,"column":22},"end":{"line":109,"column":59}},"47":{"start":{"line":110,"column":4},"end":{"line":110,"column":36}},"48":{"start":{"line":4,"column":0},"end":{"line":4,"column":13}}},"fnMap":{"0":{"name":"(anonymous_0)","decl":{"start":{"line":5,"column":2},"end":{"line":5,"column":22}},"loc":{"start":{"line":5,"column":32},"end":{"line":5,"column":36}}},"1":{"name":"(anonymous_1)","decl":{"start":{"line":7,"column":10},"end":{"line":7,"column":23}},"loc":{"start":{"line":7,"column":32},"end":{"line":15,"column":3}}},"2":{"name":"(anonymous_2)","decl":{"start":{"line":17,"column":2},"end":{"line":17,"column":7}},"loc":{"start":{"line":17,"column":52},"end":{"line":33,"column":3}}},"3":{"name":"(anonymous_3)","decl":{"start":{"line":35,"column":2},"end":{"line":35,"column":7}},"loc":{"start":{"line":35,"column":14},"end":{"line":39,"column":3}}},"4":{"name":"(anonymous_4)","decl":{"start":{"line":38,"column":30},"end":{"line":38,"column":33}},"loc":{"start":{"line":38,"column":37},"end":{"line":38,"column":60}}},"5":{"name":"(anonymous_5)","decl":{"start":{"line":41,"column":2},"end":{"line":41,"column":7}},"loc":{"start":{"line":41,"column":31},"end":{"line":50,"column":3}}},"6":{"name":"(anonymous_6)","decl":{"start":{"line":52,"column":2},"end":{"line":52,"column":7}},"loc":{"start":{"line":52,"column":20},"end":{"line":56,"column":3}}},"7":{"name":"(anonymous_7)","decl":{"start":{"line":55,"column":30},"end":{"line":55,"column":33}},"loc":{"start":{"line":55,"column":37},"end":{"line":55,"column":60}}},"8":{"name":"(anonymous_8)","decl":{"start":{"line":58,"column":2},"end":{"line":58,"column":7}},"loc":{"start":{"line":58,"column":78},"end":{"line":99,"column":3}}},"9":{"name":"(anonymous_9)","decl":{"start":{"line":101,"column":2},"end":{"line":101,"column":7}},"loc":{"start":{"line":101,"column":27},"end":{"line":105,"column":3}}},"10":{"name":"(anonymous_10)","decl":{"start":{"line":107,"column":2},"end":{"line":107,"column":7}},"loc":{"start":{"line":107,"column":33},"end":{"line":111,"column":3}}}},"branchMap":{"0":{"loc":{"start":{"line":27,"column":6},"end":{"line":27,"column":28}},"type":"binary-expr","locations":[{"start":{"line":27,"column":6},"end":{"line":27,"column":20}},{"start":{"line":27,"column":24},"end":{"line":27,"column":28}}]},"1":{"loc":{"start":{"line":28,"column":6},"end":{"line":28,"column":32}},"type":"binary-expr","locations":[{"start":{"line":28,"column":6},"end":{"line":28,"column":24}},{"start":{"line":28,"column":28},"end":{"line":28,"column":32}}]},"2":{"loc":{"start":{"line":45,"column":4},"end":{"line":47,"column":5}},"type":"if","locations":[{"start":{"line":45,"column":4},"end":{"line":47,"column":5}},{"start":{},"end":{}}]},"3":{"loc":{"start":{"line":63,"column":4},"end":{"line":66,"column":5}},"type":"if","locations":[{"start":{"line":63,"column":4},"end":{"line":66,"column":5}},{"start":{},"end":{}}]},"4":{"loc":{"start":{"line":67,"column":4},"end":{"line":70,"column":5}},"type":"if","locations":[{"start":{"line":67,"column":4},"end":{"line":70,"column":5}},{"start":{},"end":{}}]},"5":{"loc":{"start":{"line":71,"column":4},"end":{"line":74,"column":5}},"type":"if","locations":[{"start":{"line":71,"column":4},"end":{"line":74,"column":5}},{"start":{},"end":{}}]},"6":{"loc":{"start":{"line":75,"column":4},"end":{"line":78,"column":5}},"type":"if","locations":[{"start":{"line":75,"column":4},"end":{"line":78,"column":5}},{"start":{},"end":{}}]},"7":{"loc":{"start":{"line":80,"column":4},"end":{"line":82,"column":5}},"type":"if","locations":[{"start":{"line":80,"column":4},"end":{"line":82,"column":5}},{"start":{},"end":{}}]},"8":{"loc":{"start":{"line":94,"column":4},"end":{"line":96,"column":5}},"type":"if","locations":[{"start":{"line":94,"column":4},"end":{"line":96,"column":5}},{"start":{},"end":{}}]},"9":{"loc":{"start":{"line":104,"column":11},"end":{"line":104,"column":64}},"type":"binary-expr","locations":[{"start":{"line":104,"column":11},"end":{"line":104,"column":38}},{"start":{"line":104,"column":42},"end":{"line":104,"column":64}}]}},"s":{"0":1,"1":39,"2":5,"3":5,"4":5,"5":5,"6":1,"7":1,"8":1,"9":32,"10":3,"11":3,"12":3,"13":2,"14":1,"15":0,"16":0,"17":0,"18":0,"19":2,"20":2,"21":2,"22":2,"23":2,"24":2,"25":2,"26":0,"27":0,"28":2,"29":0,"30":0,"31":2,"32":1,"33":1,"34":2,"35":0,"36":2,"37":2,"38":2,"39":2,"40":1,"41":1,"42":2,"43":2,"44":2,"45":6,"46":6,"47":6,"48":1},"f":{"0":1,"1":39,"2":5,"3":1,"4":32,"5":3,"6":0,"7":0,"8":2,"9":2,"10":6},"b":{"0":[5,0],"1":[5,0],"2":[2,1],"3":[2,0],"4":[0,2],"5":[0,2],"6":[1,1],"7":[0,2],"8":[1,1],"9":[2,2]}}
,"C:\\Users\\Samu\\Desktop\\Syncro\\src\\interfaces\\rutas\\consultorRutas.ts": {"path":"C:\\Users\\Samu\\Desktop\\Syncro\\src\\interfaces\\rutas\\consultorRutas.ts","statementMap":{"0":{"start":{"line":14,"column":0},"end":{"line":14,"column":15}},"1":{"start":{"line":3,"column":0},"end":{"line":3,"column":103}},"2":{"start":{"line":4,"column":0},"end":{"line":4,"column":84}},"3":{"start":{"line":5,"column":0},"end":{"line":5,"column":86}},"4":{"start":{"line":6,"column":0},"end":{"line":6,"column":98}},"5":{"start":{"line":7,"column":0},"end":{"line":7,"column":94}},"6":{"start":{"line":8,"column":0},"end":{"line":8,"column":90}},"7":{"start":{"line":18,"column":19},"end":{"line":18,"column":26}},"8":{"start":{"line":19,"column":22},"end":{"line":19,"column":52}},"9":{"start":{"line":21,"column":2},"end":{"line":33,"column":5}},"10":{"start":{"line":22,"column":4},"end":{"line":32,"column":5}},"11":{"start":{"line":23,"column":29},"end":{"line":23,"column":60}},"12":{"start":{"line":24,"column":24},"end":{"line":24,"column":74}},"13":{"start":{"line":25,"column":6},"end":{"line":25,"column":47}},"14":{"start":{"line":27,"column":6},"end":{"line":29,"column":7}},"15":{"start":{"line":28,"column":8},"end":{"line":28,"column":64}},"16":{"start":{"line":31,"column":6},"end":{"line":31,"column":62}},"17":{"start":{"line":35,"column":2},"end":{"line":44,"column":5}},"18":{"start":{"line":36,"column":4},"end":{"line":43,"column":5}},"19":{"start":{"line":37,"column":32},"end":{"line":37,"column":64}},"20":{"start":{"line":38,"column":26},"end":{"line":38,"column":60}},"21":{"start":{"line":39,"column":6},"end":{"line":39,"column":49}},"22":{"start":{"line":41,"column":6},"end":{"line":41,"column":59}},"23":{"start":{"line":42,"column":6},"end":{"line":42,"column":78}},"24":{"start":{"line":46,"column":2},"end":{"line":60,"column":5}},"25":{"start":{"line":47,"column":4},"end":{"line":59,"column":5}},"26":{"start":{"line":48,"column":21},"end":{"line":48,"column":53}},"27":{"start":{"line":49,"column":31},"end":{"line":49,"column":69}},"28":{"start":{"line":50,"column":24},"end":{"line":50,"column":59}},"29":{"start":{"line":52,"column":6},"end":{"line":54,"column":7}},"30":{"start":{"line":53,"column":8},"end":{"line":53,"column":76}},"31":{"start":{"line":56,"column":6},"end":{"line":56,"column":47}},"32":{"start":{"line":58,"column":6},"end":{"line":58,"column":62}},"33":{"start":{"line":62,"column":2},"end":{"line":76,"column":5}},"34":{"start":{"line":63,"column":4},"end":{"line":75,"column":5}},"35":{"start":{"line":64,"column":21},"end":{"line":64,"column":53}},"36":{"start":{"line":65,"column":34},"end":{"line":65,"column":70}},"37":{"start":{"line":66,"column":24},"end":{"line":66,"column":83}},"38":{"start":{"line":68,"column":6},"end":{"line":70,"column":7}},"39":{"start":{"line":69,"column":8},"end":{"line":69,"column":76}},"40":{"start":{"line":72,"column":6},"end":{"line":72,"column":47}},"41":{"start":{"line":74,"column":6},"end":{"line":74,"column":62}},"42":{"start":{"line":78,"column":2},"end":{"line":92,"column":5}},"43":{"start":{"line":79,"column":4},"end":{"line":91,"column":5}},"44":{"start":{"line":80,"column":21},"end":{"line":80,"column":53}},"45":{"start":{"line":81,"column":32},"end":{"line":81,"column":66}},"46":{"start":{"line":82,"column":24},"end":{"line":82,"column":60}},"47":{"start":{"line":84,"column":6},"end":{"line":86,"column":7}},"48":{"start":{"line":85,"column":8},"end":{"line":85,"column":76}},"49":{"start":{"line":88,"column":6},"end":{"line":88,"column":38}},"50":{"start":{"line":90,"column":6},"end":{"line":90,"column":62}}},"fnMap":{"0":{"name":"consultorRutas","decl":{"start":{"line":14,"column":30},"end":{"line":14,"column":44}},"loc":{"start":{"line":16,"column":33},"end":{"line":93,"column":1}}},"1":{"name":"(anonymous_1)","decl":{"start":{"line":21,"column":35},"end":{"line":21,"column":40}},"loc":{"start":{"line":21,"column":60},"end":{"line":33,"column":3}}},"2":{"name":"(anonymous_2)","decl":{"start":{"line":35,"column":34},"end":{"line":35,"column":39}},"loc":{"start":{"line":35,"column":60},"end":{"line":44,"column":3}}},"3":{"name":"(anonymous_3)","decl":{"start":{"line":46,"column":38},"end":{"line":46,"column":43}},"loc":{"start":{"line":46,"column":63},"end":{"line":60,"column":3}}},"4":{"name":"(anonymous_4)","decl":{"start":{"line":62,"column":38},"end":{"line":62,"column":43}},"loc":{"start":{"line":62,"column":63},"end":{"line":76,"column":3}}},"5":{"name":"(anonymous_5)","decl":{"start":{"line":78,"column":41},"end":{"line":78,"column":46}},"loc":{"start":{"line":78,"column":66},"end":{"line":92,"column":3}}}},"branchMap":{"0":{"loc":{"start":{"line":27,"column":6},"end":{"line":29,"column":7}},"type":"if","locations":[{"start":{"line":27,"column":6},"end":{"line":29,"column":7}},{"start":{},"end":{}}]},"1":{"loc":{"start":{"line":52,"column":6},"end":{"line":54,"column":7}},"type":"if","locations":[{"start":{"line":52,"column":6},"end":{"line":54,"column":7}},{"start":{},"end":{}}]},"2":{"loc":{"start":{"line":68,"column":6},"end":{"line":70,"column":7}},"type":"if","locations":[{"start":{"line":68,"column":6},"end":{"line":70,"column":7}},{"start":{},"end":{}}]},"3":{"loc":{"start":{"line":84,"column":6},"end":{"line":86,"column":7}},"type":"if","locations":[{"start":{"line":84,"column":6},"end":{"line":86,"column":7}},{"start":{},"end":{}}]}},"s":{"0":1,"1":1,"2":1,"3":1,"4":1,"5":1,"6":1,"7":1,"8":1,"9":1,"10":7,"11":7,"12":7,"13":5,"14":2,"15":1,"16":1,"17":1,"18":1,"19":1,"20":1,"21":1,"22":0,"23":0,"24":1,"25":3,"26":3,"27":3,"28":3,"29":3,"30":2,"31":1,"32":0,"33":1,"34":2,"35":2,"36":2,"37":2,"38":2,"39":1,"40":1,"41":0,"42":1,"43":2,"44":2,"45":2,"46":2,"47":2,"48":1,"49":1,"50":0},"f":{"0":1,"1":7,"2":1,"3":3,"4":2,"5":2},"b":{"0":[1,1],"1":[2,1],"2":[1,1],"3":[1,1]}}
,"C:\\Users\\Samu\\Desktop\\Syncro\\src\\interfaces\\rutas\\servidor.ts": {"path":"C:\\Users\\Samu\\Desktop\\Syncro\\src\\interfaces\\rutas\\servidor.ts","statementMap":{"0":{"start":{"line":4,"column":0},"end":{"line":4,"column":16}},"1":{"start":{"line":1,"column":0},"end":{"line":1,"column":51}},"2":{"start":{"line":2,"column":0},"end":{"line":2,"column":26}},"3":{"start":{"line":5,"column":14},"end":{"line":5,"column":27}},"4":{"start":{"line":7,"column":15},"end":{"line":13,"column":4}},"5":{"start":{"line":15,"column":2},"end":{"line":15,"column":29}},"6":{"start":{"line":17,"column":2},"end":{"line":17,"column":54}},"7":{"start":{"line":19,"column":2},"end":{"line":21,"column":5}},"8":{"start":{"line":20,"column":4},"end":{"line":20,"column":21}},"9":{"start":{"line":23,"column":2},"end":{"line":23,"column":13}}},"fnMap":{"0":{"name":"crearServidorBase","decl":{"start":{"line":4,"column":16},"end":{"line":4,"column":33}},"loc":{"start":{"line":4,"column":43},"end":{"line":24,"column":1}}},"1":{"name":"(anonymous_2)","decl":{"start":{"line":19,"column":25},"end":{"line":19,"column":30}},"loc":{"start":{"line":19,"column":44},"end":{"line":21,"column":3}}}},"branchMap":{"0":{"loc":{"start":{"line":4,"column":34},"end":{"line":4,"column":43}},"type":"default-arg","locations":[{"start":{"line":4,"column":41},"end":{"line":4,"column":43}}]},"1":{"loc":{"start":{"line":8,"column":10},"end":{"line":8,"column":44}},"type":"binary-expr","locations":[{"start":{"line":8,"column":10},"end":{"line":8,"column":29}},{"start":{"line":8,"column":33},"end":{"line":8,"column":44}}]},"2":{"loc":{"start":{"line":9,"column":19},"end":{"line":9,"column":48}},"type":"binary-expr","locations":[{"start":{"line":9,"column":19},"end":{"line":9,"column":38}},{"start":{"line":9,"column":42},"end":{"line":9,"column":48}}]},"3":{"loc":{"start":{"line":10,"column":14},"end":{"line":10,"column":47}},"type":"binary-expr","locations":[{"start":{"line":10,"column":14},"end":{"line":10,"column":33}},{"start":{"line":10,"column":37},"end":{"line":10,"column":47}}]},"4":{"loc":{"start":{"line":11,"column":10},"end":{"line":11,"column":43}},"type":"binary-expr","locations":[{"start":{"line":11,"column":10},"end":{"line":11,"column":29}},{"start":{"line":11,"column":33},"end":{"line":11,"column":43}}]},"5":{"loc":{"start":{"line":12,"column":14},"end":{"line":12,"column":43}},"type":"binary-expr","locations":[{"start":{"line":12,"column":14},"end":{"line":12,"column":37}},{"start":{"line":12,"column":41},"end":{"line":12,"column":43}}]}},"s":{"0":1,"1":1,"2":1,"3":1,"4":1,"5":1,"6":1,"7":1,"8":1,"9":1},"f":{"0":1,"1":1},"b":{"0":[0],"1":[1,0],"2":[1,0],"3":[1,0],"4":[1,0],"5":[1,0]}}
}
