TN:
SF:src\aplicacion\casosUso\consultor\ActualizarConsultor.ts
FN:5,(anonymous_0)
FN:7,(anonymous_1)
FN:20,(anonymous_2)
FNF:3
FNH:2
FNDA:2,(anonymous_0)
FNDA:2,(anonymous_1)
FNDA:0,(anonymous_2)
DA:4,1
DA:5,2
DA:9,2
DA:10,0
DA:13,2
DA:14,0
DA:17,2
DA:21,0
DA:22,0
LF:9
LH:5
BRDA:9,0,0,0
BRDA:9,0,1,2
BRDA:9,1,0,2
BRDA:9,1,1,2
BRDA:13,2,0,0
BRDA:13,2,1,2
BRDA:13,3,0,2
BRDA:13,3,1,0
BRF:8
BRH:5
end_of_record
TN:
SF:src\aplicacion\casosUso\consultor\CrearConsultor.ts
FN:5,(anonymous_0)
FN:7,(anonymous_1)
FN:33,(anonymous_2)
FNF:3
FNH:3
FNDA:12,(anonymous_0)
FNDA:12,(anonymous_1)
FNDA:10,(anonymous_2)
DA:4,2
DA:5,12
DA:8,12
DA:9,2
DA:12,10
DA:13,1
DA:16,9
DA:17,1
DA:20,8
DA:21,8
DA:22,2
DA:25,6
DA:30,6
DA:34,10
DA:35,10
LF:15
LH:15
BRDA:8,0,0,2
BRDA:8,0,1,10
BRDA:8,1,0,12
BRDA:8,1,1,10
BRDA:12,2,0,1
BRDA:12,2,1,9
BRDA:12,3,0,10
BRDA:12,3,1,10
BRDA:16,4,0,1
BRDA:16,4,1,8
BRDA:16,5,0,9
BRDA:16,5,1,8
BRDA:21,6,0,2
BRDA:21,6,1,6
BRF:14
BRH:14
end_of_record
TN:
SF:src\aplicacion\casosUso\consultor\EliminarConsultor.ts
FN:4,(anonymous_0)
FN:6,(anonymous_1)
FNF:2
FNH:2
FNDA:2,(anonymous_0)
FNDA:2,(anonymous_1)
DA:3,1
DA:4,2
DA:7,2
LF:3
LH:3
BRF:0
BRH:0
end_of_record
TN:
SF:src\aplicacion\casosUso\consultor\ListarConsultor.ts
FN:5,(anonymous_0)
FN:7,(anonymous_1)
FNF:2
FNH:2
FNDA:1,(anonymous_0)
FNDA:1,(anonymous_1)
DA:4,1
DA:5,1
DA:8,1
LF:3
LH:3
BRF:0
BRH:0
end_of_record
TN:
SF:src\aplicacion\casosUso\consultor\ObtenerConsultorPorId.ts
FN:5,(anonymous_0)
FN:7,(anonymous_1)
FNF:2
FNH:2
FNDA:3,(anonymous_0)
FNDA:3,(anonymous_1)
DA:4,1
DA:5,3
DA:8,3
LF:3
LH:3
BRF:0
BRH:0
end_of_record
TN:
SF:src\aplicacion\errors\NotFoundError.ts
FN:6,(anonymous_0)
FNF:1
FNH:0
FNDA:0,(anonymous_0)
DA:1,0
DA:3,0
DA:4,0
DA:7,0
DA:8,0
LF:5
LH:0
BRF:0
BRH:0
end_of_record
TN:
SF:src\common\statusCode.ts
FN:1,(anonymous_0)
FNF:1
FNH:0
FNDA:0,(anonymous_0)
DA:1,0
DA:2,0
DA:3,0
DA:4,0
DA:5,0
DA:6,0
DA:7,0
DA:8,0
DA:9,0
LF:9
LH:0
BRDA:1,0,0,0
BRDA:1,0,1,0
BRF:2
BRH:0
end_of_record
TN:
SF:src\configuracion\conexionBD.ts
FN:4,(anonymous_1)
FNF:1
FNH:0
FNDA:0,(anonymous_1)
DA:2,0
DA:4,0
DA:5,0
DA:6,0
DA:9,0
LF:5
LH:0
BRF:0
BRH:0
end_of_record
TN:
SF:src\infraestructura\consultor-db.ts
FNF:0
FNH:0
DA:1,0
DA:2,0
DA:4,0
LF:3
LH:0
BRDA:9,0,0,0
BRDA:9,0,1,0
BRF:2
BRH:0
end_of_record
TN:
SF:src\infraestructura\repositorios\repositorioConsultorPostgres.ts
FN:5,(anonymous_0)
FN:7,(anonymous_1)
FN:17,(anonymous_2)
FN:35,(anonymous_3)
FN:38,(anonymous_4)
FN:41,(anonymous_5)
FN:52,(anonymous_6)
FN:55,(anonymous_7)
FN:58,(anonymous_8)
FN:101,(anonymous_9)
FN:107,(anonymous_10)
FNF:11
FNH:9
FNDA:1,(anonymous_0)
FNDA:39,(anonymous_1)
FNDA:5,(anonymous_2)
FNDA:1,(anonymous_3)
FNDA:32,(anonymous_4)
FNDA:3,(anonymous_5)
FNDA:0,(anonymous_6)
FNDA:0,(anonymous_7)
FNDA:2,(anonymous_8)
FNDA:2,(anonymous_9)
FNDA:6,(anonymous_10)
DA:4,1
DA:5,1
DA:8,39
DA:18,5
DA:24,5
DA:31,5
DA:32,5
DA:36,1
DA:37,1
DA:38,32
DA:42,3
DA:43,3
DA:45,3
DA:46,2
DA:49,1
DA:53,0
DA:54,0
DA:55,0
DA:59,2
DA:60,2
DA:61,2
DA:63,2
DA:64,2
DA:65,2
DA:67,2
DA:68,0
DA:69,0
DA:71,2
DA:72,0
DA:73,0
DA:75,2
DA:76,1
DA:77,1
DA:80,2
DA:81,0
DA:84,2
DA:85,2
DA:92,2
DA:94,2
DA:95,1
DA:98,1
DA:102,2
DA:103,2
DA:104,2
DA:108,6
DA:109,6
DA:110,6
LF:47
LH:39
BRDA:27,0,0,5
BRDA:27,0,1,0
BRDA:28,1,0,5
BRDA:28,1,1,0
BRDA:45,2,0,2
BRDA:45,2,1,1
BRDA:63,3,0,2
BRDA:63,3,1,0
BRDA:67,4,0,0
BRDA:67,4,1,2
BRDA:71,5,0,0
BRDA:71,5,1,2
BRDA:75,6,0,1
BRDA:75,6,1,1
BRDA:80,7,0,0
BRDA:80,7,1,2
BRDA:94,8,0,1
BRDA:94,8,1,1
BRDA:104,9,0,2
BRDA:104,9,1,2
BRF:20
BRH:14
end_of_record
TN:
SF:src\interfaces\rutas\consultorRutas.ts
FN:14,consultorRutas
FN:21,(anonymous_1)
FN:35,(anonymous_2)
FN:46,(anonymous_3)
FN:62,(anonymous_4)
FN:78,(anonymous_5)
FNF:6
FNH:6
FNDA:1,consultorRutas
FNDA:7,(anonymous_1)
FNDA:1,(anonymous_2)
FNDA:3,(anonymous_3)
FNDA:2,(anonymous_4)
FNDA:2,(anonymous_5)
DA:3,1
DA:4,1
DA:5,1
DA:6,1
DA:7,1
DA:8,1
DA:14,1
DA:18,1
DA:19,1
DA:21,1
DA:22,7
DA:23,7
DA:24,7
DA:25,5
DA:27,2
DA:28,1
DA:31,1
DA:35,1
DA:36,1
DA:37,1
DA:38,1
DA:39,1
DA:41,0
DA:42,0
DA:46,1
DA:47,3
DA:48,3
DA:49,3
DA:50,3
DA:52,3
DA:53,2
DA:56,1
DA:58,0
DA:62,1
DA:63,2
DA:64,2
DA:65,2
DA:66,2
DA:68,2
DA:69,1
DA:72,1
DA:74,0
DA:78,1
DA:79,2
DA:80,2
DA:81,2
DA:82,2
DA:84,2
DA:85,1
DA:88,1
DA:90,0
LF:51
LH:46
BRDA:27,0,0,1
BRDA:27,0,1,1
BRDA:52,1,0,2
BRDA:52,1,1,1
BRDA:68,2,0,1
BRDA:68,2,1,1
BRDA:84,3,0,1
BRDA:84,3,1,1
BRF:8
BRH:8
end_of_record
TN:
SF:src\interfaces\rutas\servidor.ts
FN:4,crearServidorBase
FN:19,(anonymous_2)
FNF:2
FNH:2
FNDA:1,crearServidorBase
FNDA:1,(anonymous_2)
DA:1,1
DA:2,1
DA:4,1
DA:5,1
DA:7,1
DA:15,1
DA:17,1
DA:19,1
DA:20,1
DA:23,1
LF:10
LH:10
BRDA:4,0,0,0
BRDA:8,1,0,1
BRDA:8,1,1,0
BRDA:9,2,0,1
BRDA:9,2,1,0
BRDA:10,3,0,1
BRDA:10,3,1,0
BRDA:11,4,0,1
BRDA:11,4,1,0
BRDA:12,5,0,1
BRDA:12,5,1,0
BRF:11
BRH:5
end_of_record
